2022-11-09 11:22:38,587 INFO io.github.bonigarcia.wdm.WebDriverManager [main] Using chromedriver 107.0.5304.62 (resolved driver for Chrome 107)
2022-11-09 11:22:38,617 INFO io.github.bonigarcia.wdm.WebDriverManager [main] Exporting webdriver.chrome.driver as C:\Users\Heghine_Khachatryan\.cache\selenium\chromedriver\win32\107.0.5304.62\chromedriver.exe
2022-11-09 11:22:41,622 INFO com.epam.jdbc.config.DBConnectionProvider [main] Create DB Connection
2022-11-09 11:22:41,942 INFO com.epam.pages.main.LoginPage [main] Go to page - http://localhost:8082/login
2022-11-09 11:22:42,022 INFO com.epam.steps.common.LoginSteps [main] Login as admin
2022-11-09 11:22:42,261 INFO com.epam.helpers.UiHelper [main] Click on  button
2022-11-09 11:22:42,814 INFO com.epam.helpers.UiHelper [main] Click on Subjects button
2022-11-09 11:22:43,216 INFO com.epam.pages.main.SubjectPage [main] Click on item from the list using item name and index
2022-11-09 11:22:43,216 INFO com.epam.pages.main.SubjectPage [main] Get index of subject from the list
2022-11-09 11:22:43,285 INFO com.epam.helpers.UiHelper [main] Click on Languages button
2022-11-09 11:22:43,475 INFO com.epam.helpers.UiHelper [main] Click on Teachers button
2022-11-09 11:22:43,680 INFO com.epam.helpers.UiHelper [main] Click on Add button
2022-11-09 11:22:43,826 INFO com.epam.pages.popup.SubjectPopup [main] Select teacher by name Mikhail Lermontov
2022-11-09 11:22:45,169 INFO com.epam.pages.main.SubjectPage [main] Set teachers list size assigned for subjects
2022-11-09 11:22:45,184 INFO com.epam.pages.popup.SubjectPopup [main] Save count of selected teachers in the box.
2022-11-09 11:22:45,197 INFO com.epam.jdbc.service.serviceimpl.SubjectServiceImpl [main] Find ID of the given subject.
2022-11-09 11:22:45,222 INFO com.epam.jdbc.service.serviceimpl.SubjectServiceImpl [main] Find count of teachers linked to the subject by the given subject id.
2022-11-09 11:22:45,227 INFO com.epam.steps.admin.AddTeacherToSubjectSteps [main] Save teachers count '23' linked to 'Languages' subject to shared test data
2022-11-09 11:22:45,274 INFO com.epam.helpers.UiHelper [main] Click on × button
2022-11-09 11:22:45,471 INFO com.epam.steps.common.CreateUserSteps [main] Check popup is closed
2022-11-09 11:22:45,987 INFO com.epam.helpers.UiHelper [main] Click on Add button
2022-11-09 11:22:46,071 INFO com.epam.steps.admin.CreateSubjectSteps [main] Check there is no selected item
2022-11-09 11:22:46,114 INFO com.epam.pages.main.SubjectPage [main] Get teachers list size assigned for subjects
2022-11-09 11:22:46,144 INFO com.epam.jdbc.service.serviceimpl.SubjectServiceImpl [main] Find ID of the given subject.
2022-11-09 11:22:46,147 INFO com.epam.jdbc.service.serviceimpl.SubjectServiceImpl [main] Find count of teachers linked to the subject by the given subject id.
2022-11-09 11:22:46,150 INFO com.epam.pages.popup.SubjectPopup [main] Get count of selected teachers in the box.
2022-11-09 11:22:46,150 INFO com.epam.steps.admin.AddTeacherToSubjectSteps [main] Count of teachers linked to subject in the DB is 23, count of teachers in the list is 23,count of selected teachers is 34
2022-11-09 11:22:46,150 INFO com.epam.pages.popup.SubjectPopup [main] Get count of selected teachers in the box.
2022-11-09 11:22:46,280 INFO com.epam.pages.main.LoginPage [main] Go to page - http://localhost:8082/login
2022-11-09 11:22:46,320 INFO com.epam.steps.common.LoginSteps [main] Login as admin
2022-11-09 11:22:46,525 INFO com.epam.helpers.UiHelper [main] Click on  button
2022-11-09 11:22:46,791 INFO com.epam.helpers.UiHelper [main] Click on Subjects button
2022-11-09 11:22:46,934 INFO com.epam.pages.main.SubjectPage [main] Click on item from the list using item name and index
2022-11-09 11:22:46,935 INFO com.epam.pages.main.SubjectPage [main] Get index of subject from the list
2022-11-09 11:22:47,022 INFO com.epam.helpers.UiHelper [main] Click on Languages button
2022-11-09 11:22:47,244 INFO com.epam.helpers.UiHelper [main] Click on Teachers button
2022-11-09 11:22:47,504 INFO com.epam.helpers.UiHelper [main] Click on Add button
2022-11-09 11:22:47,652 INFO com.epam.helpers.UiHelper [main] Click on Save button
2022-11-09 11:22:47,877 INFO com.epam.pages.popup.SubjectPopup [main] Check error messages of blank input fields
2022-11-09 11:22:48,046 INFO com.epam.pages.main.LoginPage [main] Go to page - http://localhost:8082/login
2022-11-09 11:22:48,087 INFO com.epam.steps.common.LoginSteps [main] Login as admin
2022-11-09 11:22:48,366 INFO com.epam.helpers.UiHelper [main] Click on  button
2022-11-09 11:22:48,699 INFO com.epam.helpers.UiHelper [main] Click on Subjects button
2022-11-09 11:22:48,875 INFO com.epam.pages.main.SubjectPage [main] Click on item from the list using item name and index
2022-11-09 11:22:48,876 INFO com.epam.pages.main.SubjectPage [main] Get index of subject from the list
2022-11-09 11:22:48,965 INFO com.epam.helpers.UiHelper [main] Click on Languages button
2022-11-09 11:22:49,175 INFO com.epam.helpers.UiHelper [main] Click on Teachers button
2022-11-09 11:22:49,389 INFO com.epam.helpers.UiHelper [main] Click on Add button
2022-11-09 11:22:49,560 INFO com.epam.helpers.UiHelper [main] Click on  button
2022-11-09 11:22:49,701 INFO com.epam.pages.popup.SubjectPopup [main] Fill teacher name ikh
2022-11-09 11:22:49,780 INFO com.epam.pages.popup.SubjectPopup [main] Check matched items are appeared below the search line
2022-11-09 11:22:50,350 INFO com.epam.pages.popup.SubjectPopup [main] Clear text in teacher select field.
2022-11-09 11:22:50,405 INFO com.epam.pages.popup.SubjectPopup [main] Save 35 quantity of matched items in the search result to Shared test data
2022-11-09 11:22:50,420 INFO com.epam.pages.popup.SubjectPopup [main] Fill teacher name IKH
2022-11-09 11:22:50,530 INFO com.epam.pages.popup.SubjectPopup [main] Check matched items are appeared below the search line
2022-11-09 11:22:51,100 INFO com.epam.pages.popup.SubjectPopup [main] Check result quantity 35 is the same as was in the previous search 35
2022-11-09 11:22:51,174 INFO com.epam.pages.main.LoginPage [main] Go to page - http://localhost:8082/login
2022-11-09 11:22:51,226 INFO com.epam.steps.common.LoginSteps [main] Login as admin
2022-11-09 11:22:51,542 INFO com.epam.helpers.UiHelper [main] Click on  button
2022-11-09 11:22:51,879 INFO com.epam.helpers.UiHelper [main] Click on Subjects button
2022-11-09 11:22:52,056 INFO com.epam.pages.main.SubjectPage [main] Click on item from the list using item name and index
2022-11-09 11:22:52,057 INFO com.epam.pages.main.SubjectPage [main] Get index of subject from the list
2022-11-09 11:22:52,131 INFO com.epam.helpers.UiHelper [main] Click on Languages button
2022-11-09 11:22:52,363 INFO com.epam.helpers.UiHelper [main] Click on Teachers button
2022-11-09 11:22:52,594 INFO com.epam.helpers.UiHelper [main] Click on Add button
2022-11-09 11:22:52,733 INFO com.epam.helpers.UiHelper [main] Click on  button
2022-11-09 11:22:52,843 INFO com.epam.pages.popup.SubjectPopup [main] Fill teacher name gay
2022-11-09 11:22:52,961 INFO com.epam.pages.popup.SubjectPopup [main] Select teacher by name Gayane Hovhannisyan
2022-11-09 11:22:53,070 INFO com.epam.pages.popup.SubjectPopup [main] Select teacher by name Gayush Poghosyan
2022-11-09 11:22:53,133 INFO com.epam.pages.popup.SubjectPopup [main] Check selected items are shown with the 'x' icon
2022-11-09 11:22:53,264 INFO com.epam.helpers.UiHelper [main] Click on × button
2022-11-09 11:22:53,369 INFO com.epam.steps.admin.CreateSubjectSteps [main] Check selected items are deleted from drop-list fragment
2022-11-09 11:22:53,449 INFO com.epam.pages.main.LoginPage [main] Go to page - http://localhost:8082/login
2022-11-09 11:22:53,499 INFO com.epam.steps.common.LoginSteps [main] Login as admin
2022-11-09 11:22:53,775 INFO com.epam.helpers.UiHelper [main] Click on  button
2022-11-09 11:22:54,090 INFO com.epam.helpers.UiHelper [main] Click on Subjects button
2022-11-09 11:22:54,249 INFO com.epam.pages.main.SubjectPage [main] Click on item from the list using item name and index
2022-11-09 11:22:54,249 INFO com.epam.pages.main.SubjectPage [main] Get index of subject from the list
2022-11-09 11:22:54,317 INFO com.epam.helpers.UiHelper [main] Click on Languages button
2022-11-09 11:22:54,503 INFO com.epam.helpers.UiHelper [main] Click on Teachers button
2022-11-09 11:22:54,709 INFO com.epam.helpers.UiHelper [main] Click on Add button
2022-11-09 11:22:54,863 INFO com.epam.helpers.UiHelper [main] Click on  button
2022-11-09 11:22:55,017 INFO com.epam.pages.popup.SubjectPopup [main] Select teacher by name Gayush Poghosyan
2022-11-09 11:22:55,083 INFO com.epam.pages.popup.SubjectPopup [main] Check selected items are shown with the 'x' icon
2022-11-09 11:22:55,187 INFO com.epam.helpers.UiHelper [main] Click on × button
2022-11-09 11:22:55,284 INFO com.epam.steps.admin.CreateSubjectSteps [main] Check selected items are deleted from drop-list fragment
2022-11-09 11:22:55,357 INFO com.epam.pages.main.LoginPage [main] Go to page - http://localhost:8082/login
2022-11-09 11:22:55,413 INFO com.epam.steps.common.LoginSteps [main] Login as admin
2022-11-09 11:22:55,666 INFO com.epam.helpers.UiHelper [main] Click on  button
2022-11-09 11:22:55,977 INFO com.epam.helpers.UiHelper [main] Click on Subjects button
2022-11-09 11:22:56,133 INFO com.epam.pages.main.SubjectPage [main] Click on item from the list using item name and index
2022-11-09 11:22:56,134 INFO com.epam.pages.main.SubjectPage [main] Get index of subject from the list
2022-11-09 11:22:56,206 INFO com.epam.helpers.UiHelper [main] Click on Languages button
2022-11-09 11:22:56,410 INFO com.epam.helpers.UiHelper [main] Click on Teachers button
2022-11-09 11:22:56,630 INFO com.epam.helpers.UiHelper [main] Click on Add button
2022-11-09 11:22:56,770 INFO com.epam.helpers.UiHelper [main] Click on  button
2022-11-09 11:22:56,884 INFO com.epam.pages.popup.SubjectPopup [main] Fill teacher name Mikhail
2022-11-09 11:22:56,982 INFO com.epam.pages.popup.SubjectPopup [main] Select teacher
2022-11-09 11:22:57,116 INFO com.epam.pages.main.SubjectPage [main] Set teachers list size assigned for subjects
2022-11-09 11:22:57,134 INFO com.epam.pages.popup.SubjectPopup [main] Save count of selected teachers in the box.
2022-11-09 11:22:57,148 INFO com.epam.jdbc.service.serviceimpl.SubjectServiceImpl [main] Find ID of the given subject.
2022-11-09 11:22:57,151 INFO com.epam.jdbc.service.serviceimpl.SubjectServiceImpl [main] Find count of teachers linked to the subject by the given subject id.
2022-11-09 11:22:57,153 INFO com.epam.steps.admin.AddTeacherToSubjectSteps [main] Save teachers count '23' linked to 'Languages' subject to shared test data
2022-11-09 11:22:57,185 INFO com.epam.helpers.UiHelper [main] Click on Save button
2022-11-09 11:22:57,478 INFO com.epam.steps.common.CreateUserSteps [main] Check popup is closed
2022-11-09 11:22:57,514 INFO com.epam.pages.main.SubjectPage [main] Get teachers list size assigned for subjects
2022-11-09 11:22:57,529 INFO com.epam.pages.main.SubjectPage [main] Get teachers list size assigned for subjects
2022-11-09 11:22:57,553 INFO com.epam.jdbc.service.serviceimpl.SubjectServiceImpl [main] Find ID of the given subject.
2022-11-09 11:22:57,557 INFO com.epam.jdbc.service.serviceimpl.SubjectServiceImpl [main] Find count of teachers linked to the subject by the given subject id.
2022-11-09 11:22:57,560 INFO com.epam.pages.popup.SubjectPopup [main] Get count of selected teachers in the box.
2022-11-09 11:22:57,561 INFO com.epam.steps.admin.AddTeacherToSubjectSteps [main] Count of teachers linked to subject in the DB is 24, count of teachers in the list is 23,count of selected teachers is 1
2022-11-09 11:22:57,561 INFO com.epam.pages.popup.SubjectPopup [main] Get count of selected teachers in the box.
2022-11-09 11:22:57,596 INFO com.epam.pages.main.LoginPage [main] Go to page - http://localhost:8082/login
2022-11-09 11:22:57,651 INFO com.epam.steps.common.LoginSteps [main] Login as admin
2022-11-09 11:22:57,895 INFO com.epam.helpers.UiHelper [main] Click on  button
2022-11-09 11:22:58,191 INFO com.epam.helpers.UiHelper [main] Click on Academic classes button
2022-11-09 11:22:58,338 INFO com.epam.helpers.UiHelper [main] Click on Create button
2022-11-09 11:22:58,457 INFO com.epam.pages.popup.AcademicClassPopup [main] Fill existed academic class from list.
2022-11-09 11:22:58,587 INFO com.epam.helpers.UiHelper [main] Click on Save button
2022-11-09 11:22:58,746 INFO com.epam.pages.popup.AcademicClassPopup [main] Get error message of existed class
2022-11-09 11:22:58,826 INFO com.epam.pages.main.LoginPage [main] Go to page - http://localhost:8082/login
2022-11-09 11:22:58,857 INFO com.epam.steps.common.LoginSteps [main] Login as admin
2022-11-09 11:22:59,117 INFO com.epam.helpers.UiHelper [main] Click on  button
2022-11-09 11:22:59,412 INFO com.epam.helpers.UiHelper [main] Click on Academic classes button
2022-11-09 11:22:59,554 INFO com.epam.helpers.UiHelper [main] Click on Create button
2022-11-09 11:22:59,661 INFO com.epam.pages.popup.AcademicClassPopup [main] Fill academic class with value - co8fKfmTs5VuCANWnjdOpzoN5
2022-11-09 11:22:59,820 INFO com.epam.helpers.UiHelper [main] Click on Save button
2022-11-09 11:22:59,984 INFO com.epam.pages.main.AdminPage [main] Get last created academic class and check if it is added to the list
2022-11-09 11:23:00,026 INFO com.epam.jdbc.service.serviceimpl.AcademicClassesServiceImpl [main] Find ID of the given academic class.
2022-11-09 11:23:00,091 INFO com.epam.pages.main.LoginPage [main] Go to page - http://localhost:8082/login
2022-11-09 11:23:00,136 INFO com.epam.steps.common.LoginSteps [main] Login as admin
2022-11-09 11:23:00,398 INFO com.epam.helpers.UiHelper [main] Click on  button
2022-11-09 11:23:00,719 INFO com.epam.helpers.UiHelper [main] Click on Academic years button
2022-11-09 11:23:03,719 INFO com.epam.helpers.UiHelper [main] Click on Create button
2022-11-09 11:23:03,845 INFO com.epam.pages.popup.AcademicYearsAndVacationPopup [main] Fill start date date - 2/Dec/2022
2022-11-09 11:23:03,873 INFO com.epam.helpers.UiHelper [main] Click on  button
2022-11-09 11:23:04,229 INFO com.epam.pages.popup.AcademicYearsAndVacationPopup [main] Fill end date date - 12/Nov/2023
2022-11-09 11:23:04,260 INFO com.epam.helpers.UiHelper [main] Click on  button
2022-11-09 11:23:04,709 INFO com.epam.pages.popup.AcademicYearsAndVacationPopup [main] Save start date value
2022-11-09 11:23:04,729 INFO com.epam.pages.popup.AcademicYearsAndVacationPopup [main] Save end date value
2022-11-09 11:23:04,776 INFO com.epam.helpers.UiHelper [main] Click on × button
2022-11-09 11:23:04,915 INFO com.epam.steps.common.CreateUserSteps [main] Check popup is closed
2022-11-09 11:23:04,975 INFO com.epam.helpers.UiHelper [main] Click on Create button
2022-11-09 11:23:05,075 INFO com.epam.pages.popup.AcademicYearsAndVacationPopup [main] Check if start date and end date are selected
2022-11-09 11:23:05,099 INFO com.epam.helpers.DBHelper [main] Get id of academic year from the DB.
2022-11-09 11:23:05,100 INFO com.epam.jdbc.service.serviceimpl.AcademicYearsServiceImpl [main] Check if academic year is added to the DB by filling start and end dates.
2022-11-09 11:23:05,141 INFO com.epam.pages.main.LoginPage [main] Go to page - http://localhost:8082/login
2022-11-09 11:23:05,196 INFO com.epam.steps.common.LoginSteps [main] Login as admin
2022-11-09 11:23:05,456 INFO com.epam.helpers.UiHelper [main] Click on  button
2022-11-09 11:23:05,775 INFO com.epam.helpers.UiHelper [main] Click on Academic years button
2022-11-09 11:23:05,922 INFO com.epam.helpers.UiHelper [main] Click on Create button
2022-11-09 11:23:06,026 INFO com.epam.pages.popup.AcademicYearsAndVacationPopup [main] Check if dates before today are enabled for selection.
2022-11-09 11:23:06,052 INFO com.epam.helpers.UiHelper [main] Click on  button
2022-11-09 11:23:06,468 INFO com.epam.pages.main.LoginPage [main] Go to page - http://localhost:8082/login
2022-11-09 11:23:06,518 INFO com.epam.steps.common.LoginSteps [main] Login as admin
2022-11-09 11:23:06,758 INFO com.epam.helpers.UiHelper [main] Click on  button
2022-11-09 11:23:07,071 INFO com.epam.helpers.UiHelper [main] Click on Academic years button
2022-11-09 11:23:07,226 INFO com.epam.helpers.UiHelper [main] Click on Create button
2022-11-09 11:23:07,328 INFO com.epam.pages.popup.AcademicYearsAndVacationPopup [main] Fill start date date - 10/Dec/2023
2022-11-09 11:23:07,353 INFO com.epam.helpers.UiHelper [main] Click on  button
2022-11-09 11:23:07,705 INFO com.epam.pages.popup.AcademicYearsAndVacationPopup [main] Fill end date date - 10/Dec/2022
2022-11-09 11:23:07,731 INFO com.epam.helpers.UiHelper [main] Click on  button
2022-11-09 11:23:08,164 INFO com.epam.helpers.UiHelper [main] Click on Save button
2022-11-09 11:23:08,307 INFO com.epam.pages.popup.AcademicYearsAndVacationPopup [main] Check if dates are selected wrong - start date < end date.
2022-11-09 11:23:08,363 INFO com.epam.pages.main.LoginPage [main] Go to page - http://localhost:8082/login
2022-11-09 11:23:08,423 INFO com.epam.steps.common.LoginSteps [main] Login as admin
2022-11-09 11:23:08,705 INFO com.epam.helpers.UiHelper [main] Click on  button
2022-11-09 11:23:09,036 INFO com.epam.helpers.UiHelper [main] Click on Academic years button
2022-11-09 11:23:09,202 INFO com.epam.helpers.UiHelper [main] Click on Create button
2022-11-09 11:23:09,314 INFO com.epam.pages.popup.AcademicYearsAndVacationPopup [main] Fill start date date - 10/Nov/2022
2022-11-09 11:23:09,341 INFO com.epam.helpers.UiHelper [main] Click on  button
2022-11-09 11:23:09,663 INFO com.epam.pages.popup.AcademicYearsAndVacationPopup [main] Save start date value
2022-11-09 11:23:09,682 INFO com.epam.pages.popup.AcademicYearsAndVacationPopup [main] Check if filled year is grater than 10 years from the moment of selection
2022-11-09 11:23:09,707 INFO com.epam.helpers.UiHelper [main] Click on  button
2022-11-09 11:23:10,150 INFO com.epam.pages.main.LoginPage [main] Go to page - http://localhost:8082/login
2022-11-09 11:23:10,209 INFO com.epam.steps.common.LoginSteps [main] Login as admin
2022-11-09 11:23:10,474 INFO com.epam.helpers.UiHelper [main] Click on  button
2022-11-09 11:23:10,771 INFO com.epam.helpers.UiHelper [main] Click on Academic years button
2022-11-09 11:23:10,943 INFO com.epam.helpers.UiHelper [main] Click on Create button
2022-11-09 11:23:11,052 INFO com.epam.pages.popup.AcademicYearsAndVacationPopup [main] Fill start date date - 10/Nov/2023
2022-11-09 11:23:11,082 INFO com.epam.helpers.UiHelper [main] Click on  button
2022-11-09 11:23:11,470 INFO com.epam.pages.popup.AcademicYearsAndVacationPopup [main] Fill end date date - 12/Nov/2023
2022-11-09 11:23:11,495 INFO com.epam.helpers.UiHelper [main] Click on  button
2022-11-09 11:23:12,814 INFO com.epam.pages.main.LoginPage [main] Go to page - http://localhost:8082/login
2022-11-09 11:23:12,912 INFO com.epam.pages.main.LoginPage [main] Go to page - http://localhost:8082/login
2022-11-09 11:23:13,022 INFO com.epam.pages.main.LoginPage [main] Go to page - http://localhost:8082/login
2022-11-09 11:23:13,053 INFO com.epam.pages.main.LoginPage [main] Go to page - http://localhost:8082/login
2022-11-09 11:23:13,070 INFO com.epam.pages.main.LoginPage [main] Go to page - http://localhost:8082/login
2022-11-09 11:23:13,089 INFO com.epam.pages.main.LoginPage [main] Go to page - http://localhost:8082/login
2022-11-09 11:23:13,109 INFO com.epam.pages.main.LoginPage [main] Go to page - http://localhost:8082/login
2022-11-09 11:23:13,143 INFO com.epam.pages.main.LoginPage [main] Go to page - http://localhost:8082/login
2022-11-09 11:23:13,165 INFO com.epam.pages.main.LoginPage [main] Go to page - http://localhost:8082/login
2022-11-09 11:23:13,186 INFO com.epam.pages.main.LoginPage [main] Go to page - http://localhost:8082/login
2022-11-09 11:23:13,210 INFO com.epam.pages.main.LoginPage [main] Go to page - http://localhost:8082/login
2022-11-09 11:23:13,227 INFO com.epam.pages.main.LoginPage [main] Go to page - http://localhost:8082/login
2022-11-09 11:23:13,250 INFO com.epam.pages.main.LoginPage [main] Go to page - http://localhost:8082/login
2022-11-09 11:23:13,279 INFO com.epam.pages.main.LoginPage [main] Go to page - http://localhost:8082/login
2022-11-09 11:23:13,302 INFO com.epam.pages.main.LoginPage [main] Go to page - http://localhost:8082/login
2022-11-09 11:23:13,321 INFO com.epam.pages.main.LoginPage [main] Go to page - http://localhost:8082/login
2022-11-09 11:23:13,342 INFO com.epam.pages.main.LoginPage [main] Go to page - http://localhost:8082/login
2022-11-09 11:23:13,367 INFO com.epam.pages.main.LoginPage [main] Go to page - http://localhost:8082/login
2022-11-09 11:23:13,384 INFO com.epam.pages.main.LoginPage [main] Go to page - http://localhost:8082/login
2022-11-09 11:23:13,401 INFO com.epam.pages.main.LoginPage [main] Go to page - http://localhost:8082/login
2022-11-09 11:23:13,423 INFO com.epam.pages.main.LoginPage [main] Go to page - http://localhost:8082/login
2022-11-09 11:23:13,439 INFO com.epam.pages.main.LoginPage [main] Go to page - http://localhost:8082/login
2022-11-09 11:23:13,454 INFO com.epam.pages.main.LoginPage [main] Go to page - http://localhost:8082/login
2022-11-09 11:23:13,469 INFO com.epam.pages.main.LoginPage [main] Go to page - http://localhost:8082/login
2022-11-09 11:23:13,487 INFO com.epam.pages.main.LoginPage [main] Go to page - http://localhost:8082/login
2022-11-09 11:23:13,505 INFO com.epam.pages.main.LoginPage [main] Go to page - http://localhost:8082/login
2022-11-09 11:23:13,525 INFO com.epam.pages.main.LoginPage [main] Go to page - http://localhost:8082/login
2022-11-09 11:23:13,538 INFO com.epam.pages.main.LoginPage [main] Go to page - http://localhost:8082/login
2022-11-09 11:23:13,554 INFO com.epam.pages.main.LoginPage [main] Go to page - http://localhost:8082/login
2022-11-09 11:23:13,572 INFO com.epam.pages.main.LoginPage [main] Go to page - http://localhost:8082/login
2022-11-09 11:23:13,585 INFO com.epam.pages.main.LoginPage [main] Go to page - http://localhost:8082/login
2022-11-09 11:23:13,599 INFO com.epam.pages.main.LoginPage [main] Go to page - http://localhost:8082/login
2022-11-09 11:23:13,613 INFO com.epam.pages.main.LoginPage [main] Go to page - http://localhost:8082/login
2022-11-09 11:23:13,632 INFO com.epam.pages.main.LoginPage [main] Go to page - http://localhost:8082/login
2022-11-09 11:23:13,646 INFO com.epam.pages.main.LoginPage [main] Go to page - http://localhost:8082/login
2022-11-09 11:23:13,664 INFO com.epam.pages.main.LoginPage [main] Go to page - http://localhost:8082/login
2022-11-09 11:23:13,679 INFO com.epam.pages.main.LoginPage [main] Go to page - http://localhost:8082/login
2022-11-09 11:23:13,694 INFO com.epam.pages.main.LoginPage [main] Go to page - http://localhost:8082/login
2022-11-09 11:23:13,711 INFO com.epam.pages.main.LoginPage [main] Go to page - http://localhost:8082/login
2022-11-09 11:23:13,726 INFO com.epam.pages.main.LoginPage [main] Go to page - http://localhost:8082/login
2022-11-09 11:23:13,743 INFO com.epam.pages.main.LoginPage [main] Go to page - http://localhost:8082/login
2022-11-09 11:23:13,762 INFO com.epam.pages.main.LoginPage [main] Go to page - http://localhost:8082/login
2022-11-09 11:23:13,778 INFO com.epam.pages.main.LoginPage [main] Go to page - http://localhost:8082/login
2022-11-09 11:23:13,805 INFO com.epam.pages.main.LoginPage [main] Go to page - http://localhost:8082/login
2022-11-09 11:23:13,822 INFO com.epam.pages.main.LoginPage [main] Go to page - http://localhost:8082/login
2022-11-09 11:23:13,841 INFO com.epam.pages.main.LoginPage [main] Go to page - http://localhost:8082/login
2022-11-09 11:23:13,857 INFO com.epam.pages.main.LoginPage [main] Go to page - http://localhost:8082/login
2022-11-09 11:23:13,877 INFO com.epam.pages.main.LoginPage [main] Go to page - http://localhost:8082/login
2022-11-09 11:23:13,900 INFO com.epam.pages.main.LoginPage [main] Go to page - http://localhost:8082/login
2022-11-09 11:23:13,918 INFO com.epam.pages.main.LoginPage [main] Go to page - http://localhost:8082/login
2022-11-09 11:23:13,933 INFO com.epam.pages.main.LoginPage [main] Go to page - http://localhost:8082/login
2022-11-09 11:23:13,946 INFO com.epam.pages.main.LoginPage [main] Go to page - http://localhost:8082/login
2022-11-09 11:23:13,961 INFO com.epam.pages.main.LoginPage [main] Go to page - http://localhost:8082/login
2022-11-09 11:23:13,974 INFO com.epam.pages.main.LoginPage [main] Go to page - http://localhost:8082/login
2022-11-09 11:23:13,992 INFO com.epam.pages.main.LoginPage [main] Go to page - http://localhost:8082/login
2022-11-09 11:23:14,007 INFO com.epam.pages.main.LoginPage [main] Go to page - http://localhost:8082/login
2022-11-09 11:23:14,019 INFO com.epam.pages.main.LoginPage [main] Go to page - http://localhost:8082/login
2022-11-09 11:23:14,029 INFO com.epam.pages.main.LoginPage [main] Go to page - http://localhost:8082/login
2022-11-09 11:23:14,042 INFO com.epam.pages.main.LoginPage [main] Go to page - http://localhost:8082/login
2022-11-09 11:23:14,056 INFO com.epam.pages.main.LoginPage [main] Go to page - http://localhost:8082/login
2022-11-09 11:23:14,070 INFO com.epam.pages.main.LoginPage [main] Go to page - http://localhost:8082/login
2022-11-09 11:23:14,085 INFO com.epam.pages.main.LoginPage [main] Go to page - http://localhost:8082/login
2022-11-09 11:23:14,098 INFO com.epam.pages.main.LoginPage [main] Go to page - http://localhost:8082/login
2022-11-09 11:23:14,113 INFO com.epam.pages.main.LoginPage [main] Go to page - http://localhost:8082/login
2022-11-09 11:23:14,128 INFO com.epam.pages.main.LoginPage [main] Go to page - http://localhost:8082/login
2022-11-09 11:23:14,142 INFO com.epam.pages.main.LoginPage [main] Go to page - http://localhost:8082/login
2022-11-09 11:23:14,156 INFO com.epam.pages.main.LoginPage [main] Go to page - http://localhost:8082/login
2022-11-09 11:23:14,168 INFO com.epam.pages.main.LoginPage [main] Go to page - http://localhost:8082/login
2022-11-09 11:23:14,182 INFO com.epam.pages.main.LoginPage [main] Go to page - http://localhost:8082/login
2022-11-09 11:23:14,196 INFO com.epam.pages.main.LoginPage [main] Go to page - http://localhost:8082/login
2022-11-09 11:23:14,210 INFO com.epam.pages.main.LoginPage [main] Go to page - http://localhost:8082/login
2022-11-09 11:23:14,221 INFO com.epam.pages.main.LoginPage [main] Go to page - http://localhost:8082/login
2022-11-09 11:23:14,233 INFO com.epam.pages.main.LoginPage [main] Go to page - http://localhost:8082/login
2022-11-09 11:23:14,245 INFO com.epam.pages.main.LoginPage [main] Go to page - http://localhost:8082/login
2022-11-09 11:23:14,260 INFO com.epam.pages.main.LoginPage [main] Go to page - http://localhost:8082/login
2022-11-09 11:23:14,271 INFO com.epam.pages.main.LoginPage [main] Go to page - http://localhost:8082/login
2022-11-09 11:23:14,286 INFO com.epam.pages.main.LoginPage [main] Go to page - http://localhost:8082/login
2022-11-09 11:23:14,300 INFO com.epam.pages.main.LoginPage [main] Go to page - http://localhost:8082/login
2022-11-09 11:23:14,315 INFO com.epam.pages.main.LoginPage [main] Go to page - http://localhost:8082/login
2022-11-09 11:23:14,329 INFO com.epam.pages.main.LoginPage [main] Go to page - http://localhost:8082/login
2022-11-09 11:23:14,340 INFO com.epam.pages.main.LoginPage [main] Go to page - http://localhost:8082/login
2022-11-09 11:23:14,352 INFO com.epam.pages.main.LoginPage [main] Go to page - http://localhost:8082/login
2022-11-09 11:23:14,366 INFO com.epam.pages.main.LoginPage [main] Go to page - http://localhost:8082/login
2022-11-09 11:23:14,379 INFO com.epam.pages.main.LoginPage [main] Go to page - http://localhost:8082/login
2022-11-09 11:23:14,392 INFO com.epam.pages.main.LoginPage [main] Go to page - http://localhost:8082/login
2022-11-09 11:23:14,405 INFO com.epam.pages.main.LoginPage [main] Go to page - http://localhost:8082/login
2022-11-09 11:23:14,417 INFO com.epam.pages.main.LoginPage [main] Go to page - http://localhost:8082/login
2022-11-09 11:23:14,428 INFO com.epam.pages.main.LoginPage [main] Go to page - http://localhost:8082/login
2022-11-09 11:23:14,439 INFO com.epam.pages.main.LoginPage [main] Go to page - http://localhost:8082/login
2022-11-09 11:23:14,453 INFO com.epam.pages.main.LoginPage [main] Go to page - http://localhost:8082/login
2022-11-09 11:23:14,465 INFO com.epam.pages.main.LoginPage [main] Go to page - http://localhost:8082/login
2022-11-09 11:23:14,475 INFO com.epam.pages.main.LoginPage [main] Go to page - http://localhost:8082/login
2022-11-09 11:23:14,486 INFO com.epam.pages.main.LoginPage [main] Go to page - http://localhost:8082/login
2022-11-09 11:23:14,501 INFO com.epam.pages.main.LoginPage [main] Go to page - http://localhost:8082/login
2022-11-09 11:23:14,513 INFO com.epam.pages.main.LoginPage [main] Go to page - http://localhost:8082/login
2022-11-09 11:23:14,525 INFO com.epam.pages.main.LoginPage [main] Go to page - http://localhost:8082/login
2022-11-09 11:23:14,541 INFO com.epam.pages.main.LoginPage [main] Go to page - http://localhost:8082/login
2022-11-09 11:23:14,556 INFO com.epam.pages.main.LoginPage [main] Go to page - http://localhost:8082/login
2022-11-09 11:23:14,571 INFO com.epam.pages.main.LoginPage [main] Go to page - http://localhost:8082/login
2022-11-09 11:23:14,583 INFO com.epam.pages.main.LoginPage [main] Go to page - http://localhost:8082/login
2022-11-09 11:23:14,595 INFO com.epam.pages.main.LoginPage [main] Go to page - http://localhost:8082/login
2022-11-09 11:23:14,609 INFO com.epam.pages.main.LoginPage [main] Go to page - http://localhost:8082/login
2022-11-09 11:23:14,620 INFO com.epam.pages.main.LoginPage [main] Go to page - http://localhost:8082/login
2022-11-09 11:23:14,634 INFO com.epam.pages.main.LoginPage [main] Go to page - http://localhost:8082/login
2022-11-09 11:23:14,646 INFO com.epam.pages.main.LoginPage [main] Go to page - http://localhost:8082/login
2022-11-09 11:23:14,656 INFO com.epam.pages.main.LoginPage [main] Go to page - http://localhost:8082/login
2022-11-09 11:23:14,667 INFO com.epam.pages.main.LoginPage [main] Go to page - http://localhost:8082/login
2022-11-09 11:23:14,681 INFO com.epam.pages.main.LoginPage [main] Go to page - http://localhost:8082/login
2022-11-09 11:23:14,698 INFO com.epam.pages.main.LoginPage [main] Go to page - http://localhost:8082/login
2022-11-09 11:23:14,709 INFO com.epam.pages.main.LoginPage [main] Go to page - http://localhost:8082/login
2022-11-09 11:23:14,721 INFO com.epam.pages.main.LoginPage [main] Go to page - http://localhost:8082/login
